The system is: Darwin - 19.6.0 - x86_64
Compiling the C compiler identification source file "CMakeCCompilerId.c" succeeded.
Compiler:  
Build flags: 
Id flags:  

The output was:
0
Command line invocation:
    /Applications/Xcode.app/Contents/Developer/usr/bin/xcodebuild

note: Using new build system
note: Planning build
note: Constructing build description
warning: Traditional headermap style is no longer supported; please migrate to using separate headermaps and set 'ALWAYS_SEARCH_USER_PATHS' to NO. (in target 'CompilerIdC' from project 'CompilerIdC')
CreateBuildDirectory /Users/tiger/Documents/algorithm/aa/CMakeFiles/3.17.0/CompilerIdC (in target 'CompilerIdC' from project 'CompilerIdC')
    cd /Users/tiger/Documents/algorithm/aa/CMakeFiles/3.17.0/CompilerIdC
    builtin-create-build-directory /Users/tiger/Documents/algorithm/aa/CMakeFiles/3.17.0/CompilerIdC

WriteAuxiliaryFile /Users/tiger/Documents/algorithm/aa/CMakeFiles/3.17.0/CompilerIdC/CompilerIdC.build/Debug/CompilerIdC.build/all-product-headers.yaml (in target 'CompilerIdC' from project 'CompilerIdC')
    cd /Users/tiger/Documents/algorithm/aa/CMakeFiles/3.17.0/CompilerIdC
    write-file /Users/tiger/Documents/algorithm/aa/CMakeFiles/3.17.0/CompilerIdC/CompilerIdC.build/Debug/CompilerIdC.build/all-product-headers.yaml

WriteAuxiliaryFile /Users/tiger/Documents/algorithm/aa/CMakeFiles/3.17.0/CompilerIdC/CompilerIdC.build/Debug/CompilerIdC.build/CompilerIdC-own-target-headers.hmap (in target 'CompilerIdC' from project 'CompilerIdC')
    cd /Users/tiger/Documents/algorithm/aa/CMakeFiles/3.17.0/CompilerIdC
    write-file /Users/tiger/Documents/algorithm/aa/CMakeFiles/3.17.0/CompilerIdC/CompilerIdC.build/Debug/CompilerIdC.build/CompilerIdC-own-target-headers.hmap

WriteAuxiliaryFile /Users/tiger/Documents/algorithm/aa/CMakeFiles/3.17.0/CompilerIdC/CompilerIdC.build/Debug/CompilerIdC.build/CompilerIdC-project-headers.hmap (in target 'CompilerIdC' from project 'CompilerIdC')
    cd /Users/tiger/Documents/algorithm/aa/CMakeFiles/3.17.0/CompilerIdC
    write-file /Users/tiger/Documents/algorithm/aa/CMakeFiles/3.17.0/CompilerIdC/CompilerIdC.build/Debug/CompilerIdC.build/CompilerIdC-project-headers.hmap

WriteAuxiliaryFile /Users/tiger/Documents/algorithm/aa/CMakeFiles/3.17.0/CompilerIdC/CompilerIdC.build/Debug/CompilerIdC.build/CompilerIdC.hmap (in target 'CompilerIdC' from project 'CompilerIdC')
    cd /Users/tiger/Documents/algorithm/aa/CMakeFiles/3.17.0/CompilerIdC
    write-file /Users/tiger/Documents/algorithm/aa/CMakeFiles/3.17.0/CompilerIdC/CompilerIdC.build/Debug/CompilerIdC.build/CompilerIdC.hmap

WriteAuxiliaryFile /Users/tiger/Documents/algorithm/aa/CMakeFiles/3.17.0/CompilerIdC/CompilerIdC.build/Debug/CompilerIdC.build/CompilerIdC-generated-files.hmap (in target 'CompilerIdC' from project 'CompilerIdC')
    cd /Users/tiger/Documents/algorithm/aa/CMakeFiles/3.17.0/CompilerIdC
    write-file /Users/tiger/Documents/algorithm/aa/CMakeFiles/3.17.0/CompilerIdC/CompilerIdC.build/Debug/CompilerIdC.build/CompilerIdC-generated-files.hmap

WriteAuxiliaryFile /Users/tiger/Documents/algorithm/aa/CMakeFiles/3.17.0/CompilerIdC/CompilerIdC.build/Debug/CompilerIdC.build/CompilerIdC-all-target-headers.hmap (in target 'CompilerIdC' from project 'CompilerIdC')
    cd /Users/tiger/Documents/algorithm/aa/CMakeFiles/3.17.0/CompilerIdC
    write-file /Users/tiger/Documents/algorithm/aa/CMakeFiles/3.17.0/CompilerIdC/CompilerIdC.build/Debug/CompilerIdC.build/CompilerIdC-all-target-headers.hmap

WriteAuxiliaryFile /Users/tiger/Documents/algorithm/aa/CMakeFiles/3.17.0/CompilerIdC/CompilerIdC.build/Debug/CompilerIdC.build/CompilerIdC-all-non-framework-target-headers.hmap (in target 'CompilerIdC' from project 'CompilerIdC')
    cd /Users/tiger/Documents/algorithm/aa/CMakeFiles/3.17.0/CompilerIdC
    write-file /Users/tiger/Documents/algorithm/aa/CMakeFiles/3.17.0/CompilerIdC/CompilerIdC.build/Debug/CompilerIdC.build/CompilerIdC-all-non-framework-target-headers.hmap

WriteAuxiliaryFile /Users/tiger/Documents/algorithm/aa/CMakeFiles/3.17.0/CompilerIdC/CompilerIdC.build/Debug/CompilerIdC.build/Objects-normal/x86_64/CompilerIdC.LinkFileList (in target 'CompilerIdC' from project 'CompilerIdC')
    cd /Users/tiger/Documents/algorithm/aa/CMakeFiles/3.17.0/CompilerIdC
    write-file /Users/tiger/Documents/algorithm/aa/CMakeFiles/3.17.0/CompilerIdC/CompilerIdC.build/Debug/CompilerIdC.build/Objects-normal/x86_64/CompilerIdC.LinkFileList

CompileC /Users/tiger/Documents/algorithm/aa/CMakeFiles/3.17.0/CompilerIdC/CompilerIdC.build/Debug/CompilerIdC.build/Objects-normal/x86_64/CMakeCCompilerId.o /Users/tiger/Documents/algorithm/aa/CMakeFiles/3.17.0/CompilerIdC/CMakeCCompilerId.c normal x86_64 c com.apple.compilers.llvm.clang.1_0.compiler (in target 'CompilerIdC' from project 'CompilerIdC')
    cd /Users/tiger/Documents/algorithm/aa/CMakeFiles/3.17.0/CompilerIdC
    export LANG\=en_US.US-ASCII
    /Applications/Xcode.app/Contents/Developer/Toolchains/XcodeDefault.xctoolchain/usr/bin/clang -x c -target x86_64-apple-macos10.15 -fmessage-length\=0 -fdiagnostics-show-note-include-stack -fmacro-backtrace-limit\=0 -Wno-trigraphs -fpascal-strings -Os -Wno-missing-field-initializers -Wno-missing-prototypes -Wno-return-type -Wno-missing-braces -Wparentheses -Wswitch -Wno-unused-function -Wno-unused-label -Wno-unused-parameter -Wno-unused-variable -Wunused-value -Wno-empty-body -Wno-uninitialized -Wno-unknown-pragmas -Wno-shadow -Wno-four-char-constants -Wno-conversion -Wno-constant-conversion -Wno-int-conversion -Wno-bool-conversion -Wno-enum-conversion -Wno-float-conversion -Wno-non-literal-null-conversion -Wno-objc-literal-conversion -Wno-shorten-64-to-32 -Wpointer-sign -Wno-newline-eof -isysroot /Applications/Xcode.app/Contents/Developer/Platforms/MacOSX.platform/Developer/SDKs/MacOSX10.15.sdk -fasm-blocks -fstrict-aliasing -Wdeprecated-declarations -g -fvisibility\=hidden -Wno-sign-conversion -Wno-infinite-recursion -Wno-comma -Wno-block-capture-autoreleasing -Wno-strict-prototypes -Wno-semicolon-before-method-body -iquote /Users/tiger/Documents/algorithm/aa/CMakeFiles/3.17.0/CompilerIdC/CompilerIdC.build/Debug/CompilerIdC.build/CompilerIdC-generated-files.hmap -I/Users/tiger/Documents/algorithm/aa/CMakeFiles/3.17.0/CompilerIdC/CompilerIdC.build/Debug/CompilerIdC.build/CompilerIdC-own-target-headers.hmap -I/Users/tiger/Documents/algorithm/aa/CMakeFiles/3.17.0/CompilerIdC/CompilerIdC.build/Debug/CompilerIdC.build/CompilerIdC-all-target-headers.hmap -iquote /Users/tiger/Documents/algorithm/aa/CMakeFiles/3.17.0/CompilerIdC/CompilerIdC.build/Debug/CompilerIdC.build/CompilerIdC-project-headers.hmap -I/Users/tiger/Documents/algorithm/aa/CMakeFiles/3.17.0/CompilerIdC/include -I/Users/tiger/Documents/algorithm/aa/CMakeFiles/3.17.0/CompilerIdC/CompilerIdC.build/Debug/CompilerIdC.build/DerivedSources-normal/x86_64 -I/Users/tiger/Documents/algorithm/aa/CMakeFiles/3.17.0/CompilerIdC/CompilerIdC.build/Debug/CompilerIdC.build/DerivedSources/x86_64 -I/Users/tiger/Documents/algorithm/aa/CMakeFiles/3.17.0/CompilerIdC/CompilerIdC.build/Debug/CompilerIdC.build/DerivedSources -F/Users/tiger/Documents/algorithm/aa/CMakeFiles/3.17.0/CompilerIdC -MMD -MT dependencies -MF /Users/tiger/Documents/algorithm/aa/CMakeFiles/3.17.0/CompilerIdC/CompilerIdC.build/Debug/CompilerIdC.build/Objects-normal/x86_64/CMakeCCompilerId.d --serialize-diagnostics /Users/tiger/Documents/algorithm/aa/CMakeFiles/3.17.0/CompilerIdC/CompilerIdC.build/Debug/CompilerIdC.build/Objects-normal/x86_64/CMakeCCompilerId.dia -c /Users/tiger/Documents/algorithm/aa/CMakeFiles/3.17.0/CompilerIdC/CMakeCCompilerId.c -o /Users/tiger/Documents/algorithm/aa/CMakeFiles/3.17.0/CompilerIdC/CompilerIdC.build/Debug/CompilerIdC.build/Objects-normal/x86_64/CMakeCCompilerId.o

Ld /Users/tiger/Documents/algorithm/aa/CMakeFiles/3.17.0/CompilerIdC/CompilerIdC normal (in target 'CompilerIdC' from project 'CompilerIdC')
    cd /Users/tiger/Documents/algorithm/aa/CMakeFiles/3.17.0/CompilerIdC
    /Applications/Xcode.app/Contents/Developer/Toolchains/XcodeDefault.xctoolchain/usr/bin/clang -target x86_64-apple-macos10.15 -isysroot /Applications/Xcode.app/Contents/Developer/Platforms/MacOSX.platform/Developer/SDKs/MacOSX10.15.sdk -L/Users/tiger/Documents/algorithm/aa/CMakeFiles/3.17.0/CompilerIdC -F/Users/tiger/Documents/algorithm/aa/CMakeFiles/3.17.0/CompilerIdC -filelist /Users/tiger/Documents/algorithm/aa/CMakeFiles/3.17.0/CompilerIdC/CompilerIdC.build/Debug/CompilerIdC.build/Objects-normal/x86_64/CompilerIdC.LinkFileList -Xlinker -object_path_lto -Xlinker /Users/tiger/Documents/algorithm/aa/CMakeFiles/3.17.0/CompilerIdC/CompilerIdC.build/Debug/CompilerIdC.build/Objects-normal/x86_64/CompilerIdC_lto.o -Xlinker -dependency_info -Xlinker /Users/tiger/Documents/algorithm/aa/CMakeFiles/3.17.0/CompilerIdC/CompilerIdC.build/Debug/CompilerIdC.build/Objects-normal/x86_64/CompilerIdC_dependency_info.dat -o /Users/tiger/Documents/algorithm/aa/CMakeFiles/3.17.0/CompilerIdC/CompilerIdC

WriteAuxiliaryFile /Users/tiger/Documents/algorithm/aa/CMakeFiles/3.17.0/CompilerIdC/CompilerIdC.build/Debug/CompilerIdC.build/Script-2C8FEB8E15DC1A1A00E56A5D.sh (in target 'CompilerIdC' from project 'CompilerIdC')
    cd /Users/tiger/Documents/algorithm/aa/CMakeFiles/3.17.0/CompilerIdC
    write-file /Users/tiger/Documents/algorithm/aa/CMakeFiles/3.17.0/CompilerIdC/CompilerIdC.build/Debug/CompilerIdC.build/Script-2C8FEB8E15DC1A1A00E56A5D.sh

PhaseScriptExecution Run\ Script /Users/tiger/Documents/algorithm/aa/CMakeFiles/3.17.0/CompilerIdC/CompilerIdC.build/Debug/CompilerIdC.build/Script-2C8FEB8E15DC1A1A00E56A5D.sh (in target 'CompilerIdC' from project 'CompilerIdC')
    cd /Users/tiger/Documents/algorithm/aa/CMakeFiles/3.17.0/CompilerIdC
    /bin/sh -c /Users/tiger/Documents/algorithm/aa/CMakeFiles/3.17.0/CompilerIdC/CompilerIdC.build/Debug/CompilerIdC.build/Script-2C8FEB8E15DC1A1A00E56A5D.sh
GCC_VERSION=com.apple.compilers.llvm.clang.1_0
ARCHS=x86_64

RegisterExecutionPolicyException /Users/tiger/Documents/algorithm/aa/CMakeFiles/3.17.0/CompilerIdC/CompilerIdC (in target 'CompilerIdC' from project 'CompilerIdC')
    cd /Users/tiger/Documents/algorithm/aa/CMakeFiles/3.17.0/CompilerIdC
    builtin-RegisterExecutionPolicyException /Users/tiger/Documents/algorithm/aa/CMakeFiles/3.17.0/CompilerIdC/CompilerIdC

** BUILD SUCCEEDED **



Compilation of the C compiler identification source "CMakeCCompilerId.c" produced "CompilerIdC"

The C compiler identification is AppleClang, found in "/Users/tiger/Documents/algorithm/aa/CMakeFiles/3.17.0/CompilerIdC/CompilerIdC"

Compiling the CXX compiler identification source file "CMakeCXXCompilerId.cpp" succeeded.
Compiler:  
Build flags: 
Id flags:  

The output was:
0
Command line invocation:
    /Applications/Xcode.app/Contents/Developer/usr/bin/xcodebuild

note: Using new build system
note: Planning build
note: Constructing build description
warning: Traditional headermap style is no longer supported; please migrate to using separate headermaps and set 'ALWAYS_SEARCH_USER_PATHS' to NO. (in target 'CompilerIdCXX' from project 'CompilerIdCXX')
CreateBuildDirectory /Users/tiger/Documents/algorithm/aa/CMakeFiles/3.17.0/CompilerIdCXX (in target 'CompilerIdCXX' from project 'CompilerIdCXX')
    cd /Users/tiger/Documents/algorithm/aa/CMakeFiles/3.17.0/CompilerIdCXX
    builtin-create-build-directory /Users/tiger/Documents/algorithm/aa/CMakeFiles/3.17.0/CompilerIdCXX

WriteAuxiliaryFile /Users/tiger/Documents/algorithm/aa/CMakeFiles/3.17.0/CompilerIdCXX/CompilerIdCXX.build/Debug/CompilerIdCXX.build/CompilerIdCXX.hmap (in target 'CompilerIdCXX' from project 'CompilerIdCXX')
    cd /Users/tiger/Documents/algorithm/aa/CMakeFiles/3.17.0/CompilerIdCXX
    write-file /Users/tiger/Documents/algorithm/aa/CMakeFiles/3.17.0/CompilerIdCXX/CompilerIdCXX.build/Debug/CompilerIdCXX.build/CompilerIdCXX.hmap

WriteAuxiliaryFile /Users/tiger/Documents/algorithm/aa/CMakeFiles/3.17.0/CompilerIdCXX/CompilerIdCXX.build/Debug/CompilerIdCXX.build/CompilerIdCXX-own-target-headers.hmap (in target 'CompilerIdCXX' from project 'CompilerIdCXX')
    cd /Users/tiger/Documents/algorithm/aa/CMakeFiles/3.17.0/CompilerIdCXX
    write-file /Users/tiger/Documents/algorithm/aa/CMakeFiles/3.17.0/CompilerIdCXX/CompilerIdCXX.build/Debug/CompilerIdCXX.build/CompilerIdCXX-own-target-headers.hmap

WriteAuxiliaryFile /Users/tiger/Documents/algorithm/aa/CMakeFiles/3.17.0/CompilerIdCXX/CompilerIdCXX.build/Debug/CompilerIdCXX.build/CompilerIdCXX-project-headers.hmap (in target 'CompilerIdCXX' from project 'CompilerIdCXX')
    cd /Users/tiger/Documents/algorithm/aa/CMakeFiles/3.17.0/CompilerIdCXX
    write-file /Users/tiger/Documents/algorithm/aa/CMakeFiles/3.17.0/CompilerIdCXX/CompilerIdCXX.build/Debug/CompilerIdCXX.build/CompilerIdCXX-project-headers.hmap

WriteAuxiliaryFile /Users/tiger/Documents/algorithm/aa/CMakeFiles/3.17.0/CompilerIdCXX/CompilerIdCXX.build/Debug/CompilerIdCXX.build/all-product-headers.yaml (in target 'CompilerIdCXX' from project 'CompilerIdCXX')
    cd /Users/tiger/Documents/algorithm/aa/CMakeFiles/3.17.0/CompilerIdCXX
    write-file /Users/tiger/Documents/algorithm/aa/CMakeFiles/3.17.0/CompilerIdCXX/CompilerIdCXX.build/Debug/CompilerIdCXX.build/all-product-headers.yaml

WriteAuxiliaryFile /Users/tiger/Documents/algorithm/aa/CMakeFiles/3.17.0/CompilerIdCXX/CompilerIdCXX.build/Debug/CompilerIdCXX.build/CompilerIdCXX-all-target-headers.hmap (in target 'CompilerIdCXX' from project 'CompilerIdCXX')
    cd /Users/tiger/Documents/algorithm/aa/CMakeFiles/3.17.0/CompilerIdCXX
    write-file /Users/tiger/Documents/algorithm/aa/CMakeFiles/3.17.0/CompilerIdCXX/CompilerIdCXX.build/Debug/CompilerIdCXX.build/CompilerIdCXX-all-target-headers.hmap

WriteAuxiliaryFile /Users/tiger/Documents/algorithm/aa/CMakeFiles/3.17.0/CompilerIdCXX/CompilerIdCXX.build/Debug/CompilerIdCXX.build/CompilerIdCXX-generated-files.hmap (in target 'CompilerIdCXX' from project 'CompilerIdCXX')
    cd /Users/tiger/Documents/algorithm/aa/CMakeFiles/3.17.0/CompilerIdCXX
    write-file /Users/tiger/Documents/algorithm/aa/CMakeFiles/3.17.0/CompilerIdCXX/CompilerIdCXX.build/Debug/CompilerIdCXX.build/CompilerIdCXX-generated-files.hmap

WriteAuxiliaryFile /Users/tiger/Documents/algorithm/aa/CMakeFiles/3.17.0/CompilerIdCXX/CompilerIdCXX.build/Debug/CompilerIdCXX.build/CompilerIdCXX-all-non-framework-target-headers.hmap (in target 'CompilerIdCXX' from project 'CompilerIdCXX')
    cd /Users/tiger/Documents/algorithm/aa/CMakeFiles/3.17.0/CompilerIdCXX
    write-file /Users/tiger/Documents/algorithm/aa/CMakeFiles/3.17.0/CompilerIdCXX/CompilerIdCXX.build/Debug/CompilerIdCXX.build/CompilerIdCXX-all-non-framework-target-headers.hmap

WriteAuxiliaryFile /Users/tiger/Documents/algorithm/aa/CMakeFiles/3.17.0/CompilerIdCXX/CompilerIdCXX.build/Debug/CompilerIdCXX.build/Objects-normal/x86_64/CompilerIdCXX.LinkFileList (in target 'CompilerIdCXX' from project 'CompilerIdCXX')
    cd /Users/tiger/Documents/algorithm/aa/CMakeFiles/3.17.0/CompilerIdCXX
    write-file /Users/tiger/Documents/algorithm/aa/CMakeFiles/3.17.0/CompilerIdCXX/CompilerIdCXX.build/Debug/CompilerIdCXX.build/Objects-normal/x86_64/CompilerIdCXX.LinkFileList

CompileC /Users/tiger/Documents/algorithm/aa/CMakeFiles/3.17.0/CompilerIdCXX/CompilerIdCXX.build/Debug/CompilerIdCXX.build/Objects-normal/x86_64/CMakeCXXCompilerId.o /Users/tiger/Documents/algorithm/aa/CMakeFiles/3.17.0/CompilerIdCXX/CMakeCXXCompilerId.cpp normal x86_64 c++ com.apple.compilers.llvm.clang.1_0.compiler (in target 'CompilerIdCXX' from project 'CompilerIdCXX')
    cd /Users/tiger/Documents/algorithm/aa/CMakeFiles/3.17.0/CompilerIdCXX
    export LANG\=en_US.US-ASCII
    /Applications/Xcode.app/Contents/Developer/Toolchains/XcodeDefault.xctoolchain/usr/bin/clang -x c++ -target x86_64-apple-macos10.15 -fmessage-length\=0 -fdiagnostics-show-note-include-stack -fmacro-backtrace-limit\=0 -Wno-trigraphs -fpascal-strings -Os -Wno-missing-field-initializers -Wno-missing-prototypes -Wno-return-type -Wno-non-virtual-dtor -Wno-overloaded-virtual -Wno-exit-time-destructors -Wno-missing-braces -Wparentheses -Wswitch -Wno-unused-function -Wno-unused-label -Wno-unused-parameter -Wno-unused-variable -Wunused-value -Wno-empty-body -Wno-uninitialized -Wno-unknown-pragmas -Wno-shadow -Wno-four-char-constants -Wno-conversion -Wno-constant-conversion -Wno-int-conversion -Wno-bool-conversion -Wno-enum-conversion -Wno-float-conversion -Wno-non-literal-null-conversion -Wno-objc-literal-conversion -Wno-shorten-64-to-32 -Wno-newline-eof -Wno-c++11-extensions -isysroot /Applications/Xcode.app/Contents/Developer/Platforms/MacOSX.platform/Developer/SDKs/MacOSX10.15.sdk -fasm-blocks -fstrict-aliasing -Wdeprecated-declarations -Winvalid-offsetof -g -fvisibility\=hidden -fvisibility-inlines-hidden -Wno-sign-conversion -Wno-infinite-recursion -Wno-move -Wno-comma -Wno-block-capture-autoreleasing -Wno-strict-prototypes -Wno-range-loop-analysis -Wno-semicolon-before-method-body -iquote /Users/tiger/Documents/algorithm/aa/CMakeFiles/3.17.0/CompilerIdCXX/CompilerIdCXX.build/Debug/CompilerIdCXX.build/CompilerIdCXX-generated-files.hmap -I/Users/tiger/Documents/algorithm/aa/CMakeFiles/3.17.0/CompilerIdCXX/CompilerIdCXX.build/Debug/CompilerIdCXX.build/CompilerIdCXX-own-target-headers.hmap -I/Users/tiger/Documents/algorithm/aa/CMakeFiles/3.17.0/CompilerIdCXX/CompilerIdCXX.build/Debug/CompilerIdCXX.build/CompilerIdCXX-all-target-headers.hmap -iquote /Users/tiger/Documents/algorithm/aa/CMakeFiles/3.17.0/CompilerIdCXX/CompilerIdCXX.build/Debug/CompilerIdCXX.build/CompilerIdCXX-project-headers.hmap -I/Users/tiger/Documents/algorithm/aa/CMakeFiles/3.17.0/CompilerIdCXX/include -I/Users/tiger/Documents/algorithm/aa/CMakeFiles/3.17.0/CompilerIdCXX/CompilerIdCXX.build/Debug/CompilerIdCXX.build/DerivedSources-normal/x86_64 -I/Users/tiger/Documents/algorithm/aa/CMakeFiles/3.17.0/CompilerIdCXX/CompilerIdCXX.build/Debug/CompilerIdCXX.build/DerivedSources/x86_64 -I/Users/tiger/Documents/algorithm/aa/CMakeFiles/3.17.0/CompilerIdCXX/CompilerIdCXX.build/Debug/CompilerIdCXX.build/DerivedSources -F/Users/tiger/Documents/algorithm/aa/CMakeFiles/3.17.0/CompilerIdCXX -MMD -MT dependencies -MF /Users/tiger/Documents/algorithm/aa/CMakeFiles/3.17.0/CompilerIdCXX/CompilerIdCXX.build/Debug/CompilerIdCXX.build/Objects-normal/x86_64/CMakeCXXCompilerId.d --serialize-diagnostics /Users/tiger/Documents/algorithm/aa/CMakeFiles/3.17.0/CompilerIdCXX/CompilerIdCXX.build/Debug/CompilerIdCXX.build/Objects-normal/x86_64/CMakeCXXCompilerId.dia -c /Users/tiger/Documents/algorithm/aa/CMakeFiles/3.17.0/CompilerIdCXX/CMakeCXXCompilerId.cpp -o /Users/tiger/Documents/algorithm/aa/CMakeFiles/3.17.0/CompilerIdCXX/CompilerIdCXX.build/Debug/CompilerIdCXX.build/Objects-normal/x86_64/CMakeCXXCompilerId.o

Ld /Users/tiger/Documents/algorithm/aa/CMakeFiles/3.17.0/CompilerIdCXX/CompilerIdCXX normal (in target 'CompilerIdCXX' from project 'CompilerIdCXX')
    cd /Users/tiger/Documents/algorithm/aa/CMakeFiles/3.17.0/CompilerIdCXX
    /Applications/Xcode.app/Contents/Developer/Toolchains/XcodeDefault.xctoolchain/usr/bin/clang++ -target x86_64-apple-macos10.15 -isysroot /Applications/Xcode.app/Contents/Developer/Platforms/MacOSX.platform/Developer/SDKs/MacOSX10.15.sdk -L/Users/tiger/Documents/algorithm/aa/CMakeFiles/3.17.0/CompilerIdCXX -F/Users/tiger/Documents/algorithm/aa/CMakeFiles/3.17.0/CompilerIdCXX -filelist /Users/tiger/Documents/algorithm/aa/CMakeFiles/3.17.0/CompilerIdCXX/CompilerIdCXX.build/Debug/CompilerIdCXX.build/Objects-normal/x86_64/CompilerIdCXX.LinkFileList -Xlinker -object_path_lto -Xlinker /Users/tiger/Documents/algorithm/aa/CMakeFiles/3.17.0/CompilerIdCXX/CompilerIdCXX.build/Debug/CompilerIdCXX.build/Objects-normal/x86_64/CompilerIdCXX_lto.o -Xlinker -dependency_info -Xlinker /Users/tiger/Documents/algorithm/aa/CMakeFiles/3.17.0/CompilerIdCXX/CompilerIdCXX.build/Debug/CompilerIdCXX.build/Objects-normal/x86_64/CompilerIdCXX_dependency_info.dat -o /Users/tiger/Documents/algorithm/aa/CMakeFiles/3.17.0/CompilerIdCXX/CompilerIdCXX

WriteAuxiliaryFile /Users/tiger/Documents/algorithm/aa/CMakeFiles/3.17.0/CompilerIdCXX/CompilerIdCXX.build/Debug/CompilerIdCXX.build/Script-2C8FEB8E15DC1A1A00E56A5D.sh (in target 'CompilerIdCXX' from project 'CompilerIdCXX')
    cd /Users/tiger/Documents/algorithm/aa/CMakeFiles/3.17.0/CompilerIdCXX
    write-file /Users/tiger/Documents/algorithm/aa/CMakeFiles/3.17.0/CompilerIdCXX/CompilerIdCXX.build/Debug/CompilerIdCXX.build/Script-2C8FEB8E15DC1A1A00E56A5D.sh

PhaseScriptExecution Run\ Script /Users/tiger/Documents/algorithm/aa/CMakeFiles/3.17.0/CompilerIdCXX/CompilerIdCXX.build/Debug/CompilerIdCXX.build/Script-2C8FEB8E15DC1A1A00E56A5D.sh (in target 'CompilerIdCXX' from project 'CompilerIdCXX')
    cd /Users/tiger/Documents/algorithm/aa/CMakeFiles/3.17.0/CompilerIdCXX
    /bin/sh -c /Users/tiger/Documents/algorithm/aa/CMakeFiles/3.17.0/CompilerIdCXX/CompilerIdCXX.build/Debug/CompilerIdCXX.build/Script-2C8FEB8E15DC1A1A00E56A5D.sh
GCC_VERSION=com.apple.compilers.llvm.clang.1_0
ARCHS=x86_64

RegisterExecutionPolicyException /Users/tiger/Documents/algorithm/aa/CMakeFiles/3.17.0/CompilerIdCXX/CompilerIdCXX (in target 'CompilerIdCXX' from project 'CompilerIdCXX')
    cd /Users/tiger/Documents/algorithm/aa/CMakeFiles/3.17.0/CompilerIdCXX
    builtin-RegisterExecutionPolicyException /Users/tiger/Documents/algorithm/aa/CMakeFiles/3.17.0/CompilerIdCXX/CompilerIdCXX

** BUILD SUCCEEDED **



Compilation of the CXX compiler identification source "CMakeCXXCompilerId.cpp" produced "CompilerIdCXX"

The CXX compiler identification is AppleClang, found in "/Users/tiger/Documents/algorithm/aa/CMakeFiles/3.17.0/CompilerIdCXX/CompilerIdCXX"

Compiling the C compiler identification source file "CMakeCCompilerId.c" succeeded.
Compiler:  
Build flags: 
Id flags:  

The output was:
0
Command line invocation:
    /Applications/Xcode.app/Contents/Developer/usr/bin/xcodebuild

note: Using new build system
note: Planning build
note: Constructing build description
warning: Traditional headermap style is no longer supported; please migrate to using separate headermaps and set 'ALWAYS_SEARCH_USER_PATHS' to NO. (in target 'CompilerIdC' from project 'CompilerIdC')
CreateBuildDirectory /Users/tiger/Documents/algorithm/aa/CMakeFiles/3.17.0/CompilerIdC (in target 'CompilerIdC' from project 'CompilerIdC')
    cd /Users/tiger/Documents/algorithm/aa/CMakeFiles/3.17.0/CompilerIdC
    builtin-create-build-directory /Users/tiger/Documents/algorithm/aa/CMakeFiles/3.17.0/CompilerIdC

WriteAuxiliaryFile /Users/tiger/Documents/algorithm/aa/CMakeFiles/3.17.0/CompilerIdC/CompilerIdC.build/Debug/CompilerIdC.build/all-product-headers.yaml (in target 'CompilerIdC' from project 'CompilerIdC')
    cd /Users/tiger/Documents/algorithm/aa/CMakeFiles/3.17.0/CompilerIdC
    write-file /Users/tiger/Documents/algorithm/aa/CMakeFiles/3.17.0/CompilerIdC/CompilerIdC.build/Debug/CompilerIdC.build/all-product-headers.yaml

WriteAuxiliaryFile /Users/tiger/Documents/algorithm/aa/CMakeFiles/3.17.0/CompilerIdC/CompilerIdC.build/Debug/CompilerIdC.build/CompilerIdC.hmap (in target 'CompilerIdC' from project 'CompilerIdC')
    cd /Users/tiger/Documents/algorithm/aa/CMakeFiles/3.17.0/CompilerIdC
    write-file /Users/tiger/Documents/algorithm/aa/CMakeFiles/3.17.0/CompilerIdC/CompilerIdC.build/Debug/CompilerIdC.build/CompilerIdC.hmap

WriteAuxiliaryFile /Users/tiger/Documents/algorithm/aa/CMakeFiles/3.17.0/CompilerIdC/CompilerIdC.build/Debug/CompilerIdC.build/CompilerIdC-project-headers.hmap (in target 'CompilerIdC' from project 'CompilerIdC')
    cd /Users/tiger/Documents/algorithm/aa/CMakeFiles/3.17.0/CompilerIdC
    write-file /Users/tiger/Documents/algorithm/aa/CMakeFiles/3.17.0/CompilerIdC/CompilerIdC.build/Debug/CompilerIdC.build/CompilerIdC-project-headers.hmap

WriteAuxiliaryFile /Users/tiger/Documents/algorithm/aa/CMakeFiles/3.17.0/CompilerIdC/CompilerIdC.build/Debug/CompilerIdC.build/CompilerIdC-own-target-headers.hmap (in target 'CompilerIdC' from project 'CompilerIdC')
    cd /Users/tiger/Documents/algorithm/aa/CMakeFiles/3.17.0/CompilerIdC
    write-file /Users/tiger/Documents/algorithm/aa/CMakeFiles/3.17.0/CompilerIdC/CompilerIdC.build/Debug/CompilerIdC.build/CompilerIdC-own-target-headers.hmap

WriteAuxiliaryFile /Users/tiger/Documents/algorithm/aa/CMakeFiles/3.17.0/CompilerIdC/CompilerIdC.build/Debug/CompilerIdC.build/CompilerIdC-generated-files.hmap (in target 'CompilerIdC' from project 'CompilerIdC')
    cd /Users/tiger/Documents/algorithm/aa/CMakeFiles/3.17.0/CompilerIdC
    write-file /Users/tiger/Documents/algorithm/aa/CMakeFiles/3.17.0/CompilerIdC/CompilerIdC.build/Debug/CompilerIdC.build/CompilerIdC-generated-files.hmap

WriteAuxiliaryFile /Users/tiger/Documents/algorithm/aa/CMakeFiles/3.17.0/CompilerIdC/CompilerIdC.build/Debug/CompilerIdC.build/CompilerIdC-all-target-headers.hmap (in target 'CompilerIdC' from project 'CompilerIdC')
    cd /Users/tiger/Documents/algorithm/aa/CMakeFiles/3.17.0/CompilerIdC
    write-file /Users/tiger/Documents/algorithm/aa/CMakeFiles/3.17.0/CompilerIdC/CompilerIdC.build/Debug/CompilerIdC.build/CompilerIdC-all-target-headers.hmap

WriteAuxiliaryFile /Users/tiger/Documents/algorithm/aa/CMakeFiles/3.17.0/CompilerIdC/CompilerIdC.build/Debug/CompilerIdC.build/CompilerIdC-all-non-framework-target-headers.hmap (in target 'CompilerIdC' from project 'CompilerIdC')
    cd /Users/tiger/Documents/algorithm/aa/CMakeFiles/3.17.0/CompilerIdC
    write-file /Users/tiger/Documents/algorithm/aa/CMakeFiles/3.17.0/CompilerIdC/CompilerIdC.build/Debug/CompilerIdC.build/CompilerIdC-all-non-framework-target-headers.hmap

CompileC /Users/tiger/Documents/algorithm/aa/CMakeFiles/3.17.0/CompilerIdC/CompilerIdC.build/Debug/CompilerIdC.build/Objects-normal/x86_64/CMakeCCompilerId.o /Users/tiger/Documents/algorithm/aa/CMakeFiles/3.17.0/CompilerIdC/CMakeCCompilerId.c normal x86_64 c com.apple.compilers.llvm.clang.1_0.compiler (in target 'CompilerIdC' from project 'CompilerIdC')
    cd /Users/tiger/Documents/algorithm/aa/CMakeFiles/3.17.0/CompilerIdC
    export LANG\=en_US.US-ASCII
    /Applications/Xcode.app/Contents/Developer/Toolchains/XcodeDefault.xctoolchain/usr/bin/clang -x c -target x86_64-apple-macos10.15 -fmessage-length\=0 -fdiagnostics-show-note-include-stack -fmacro-backtrace-limit\=0 -Wno-trigraphs -fpascal-strings -Os -Wno-missing-field-initializers -Wno-missing-prototypes -Wno-return-type -Wno-missing-braces -Wparentheses -Wswitch -Wno-unused-function -Wno-unused-label -Wno-unused-parameter -Wno-unused-variable -Wunused-value -Wno-empty-body -Wno-uninitialized -Wno-unknown-pragmas -Wno-shadow -Wno-four-char-constants -Wno-conversion -Wno-constant-conversion -Wno-int-conversion -Wno-bool-conversion -Wno-enum-conversion -Wno-float-conversion -Wno-non-literal-null-conversion -Wno-objc-literal-conversion -Wno-shorten-64-to-32 -Wpointer-sign -Wno-newline-eof -isysroot /Applications/Xcode.app/Contents/Developer/Platforms/MacOSX.platform/Developer/SDKs/MacOSX10.15.sdk -fasm-blocks -fstrict-aliasing -Wdeprecated-declarations -g -fvisibility\=hidden -Wno-sign-conversion -Wno-infinite-recursion -Wno-comma -Wno-block-capture-autoreleasing -Wno-strict-prototypes -Wno-semicolon-before-method-body -iquote /Users/tiger/Documents/algorithm/aa/CMakeFiles/3.17.0/CompilerIdC/CompilerIdC.build/Debug/CompilerIdC.build/CompilerIdC-generated-files.hmap -I/Users/tiger/Documents/algorithm/aa/CMakeFiles/3.17.0/CompilerIdC/CompilerIdC.build/Debug/CompilerIdC.build/CompilerIdC-own-target-headers.hmap -I/Users/tiger/Documents/algorithm/aa/CMakeFiles/3.17.0/CompilerIdC/CompilerIdC.build/Debug/CompilerIdC.build/CompilerIdC-all-target-headers.hmap -iquote /Users/tiger/Documents/algorithm/aa/CMakeFiles/3.17.0/CompilerIdC/CompilerIdC.build/Debug/CompilerIdC.build/CompilerIdC-project-headers.hmap -I/Users/tiger/Documents/algorithm/aa/CMakeFiles/3.17.0/CompilerIdC/include -I/Users/tiger/Documents/algorithm/aa/CMakeFiles/3.17.0/CompilerIdC/CompilerIdC.build/Debug/CompilerIdC.build/DerivedSources-normal/x86_64 -I/Users/tiger/Documents/algorithm/aa/CMakeFiles/3.17.0/CompilerIdC/CompilerIdC.build/Debug/CompilerIdC.build/DerivedSources/x86_64 -I/Users/tiger/Documents/algorithm/aa/CMakeFiles/3.17.0/CompilerIdC/CompilerIdC.build/Debug/CompilerIdC.build/DerivedSources -F/Users/tiger/Documents/algorithm/aa/CMakeFiles/3.17.0/CompilerIdC -MMD -MT dependencies -MF /Users/tiger/Documents/algorithm/aa/CMakeFiles/3.17.0/CompilerIdC/CompilerIdC.build/Debug/CompilerIdC.build/Objects-normal/x86_64/CMakeCCompilerId.d --serialize-diagnostics /Users/tiger/Documents/algorithm/aa/CMakeFiles/3.17.0/CompilerIdC/CompilerIdC.build/Debug/CompilerIdC.build/Objects-normal/x86_64/CMakeCCompilerId.dia -c /Users/tiger/Documents/algorithm/aa/CMakeFiles/3.17.0/CompilerIdC/CMakeCCompilerId.c -o /Users/tiger/Documents/algorithm/aa/CMakeFiles/3.17.0/CompilerIdC/CompilerIdC.build/Debug/CompilerIdC.build/Objects-normal/x86_64/CMakeCCompilerId.o

WriteAuxiliaryFile /Users/tiger/Documents/algorithm/aa/CMakeFiles/3.17.0/CompilerIdC/CompilerIdC.build/Debug/CompilerIdC.build/Objects-normal/x86_64/CompilerIdC.LinkFileList (in target 'CompilerIdC' from project 'CompilerIdC')
    cd /Users/tiger/Documents/algorithm/aa/CMakeFiles/3.17.0/CompilerIdC
    write-file /Users/tiger/Documents/algorithm/aa/CMakeFiles/3.17.0/CompilerIdC/CompilerIdC.build/Debug/CompilerIdC.build/Objects-normal/x86_64/CompilerIdC.LinkFileList

Ld /Users/tiger/Documents/algorithm/aa/CMakeFiles/3.17.0/CompilerIdC/CompilerIdC normal (in target 'CompilerIdC' from project 'CompilerIdC')
    cd /Users/tiger/Documents/algorithm/aa/CMakeFiles/3.17.0/CompilerIdC
    /Applications/Xcode.app/Contents/Developer/Toolchains/XcodeDefault.xctoolchain/usr/bin/clang -target x86_64-apple-macos10.15 -isysroot /Applications/Xcode.app/Contents/Developer/Platforms/MacOSX.platform/Developer/SDKs/MacOSX10.15.sdk -L/Users/tiger/Documents/algorithm/aa/CMakeFiles/3.17.0/CompilerIdC -F/Users/tiger/Documents/algorithm/aa/CMakeFiles/3.17.0/CompilerIdC -filelist /Users/tiger/Documents/algorithm/aa/CMakeFiles/3.17.0/CompilerIdC/CompilerIdC.build/Debug/CompilerIdC.build/Objects-normal/x86_64/CompilerIdC.LinkFileList -Xlinker -object_path_lto -Xlinker /Users/tiger/Documents/algorithm/aa/CMakeFiles/3.17.0/CompilerIdC/CompilerIdC.build/Debug/CompilerIdC.build/Objects-normal/x86_64/CompilerIdC_lto.o -Xlinker -dependency_info -Xlinker /Users/tiger/Documents/algorithm/aa/CMakeFiles/3.17.0/CompilerIdC/CompilerIdC.build/Debug/CompilerIdC.build/Objects-normal/x86_64/CompilerIdC_dependency_info.dat -o /Users/tiger/Documents/algorithm/aa/CMakeFiles/3.17.0/CompilerIdC/CompilerIdC

WriteAuxiliaryFile /Users/tiger/Documents/algorithm/aa/CMakeFiles/3.17.0/CompilerIdC/CompilerIdC.build/Debug/CompilerIdC.build/Script-2C8FEB8E15DC1A1A00E56A5D.sh (in target 'CompilerIdC' from project 'CompilerIdC')
    cd /Users/tiger/Documents/algorithm/aa/CMakeFiles/3.17.0/CompilerIdC
    write-file /Users/tiger/Documents/algorithm/aa/CMakeFiles/3.17.0/CompilerIdC/CompilerIdC.build/Debug/CompilerIdC.build/Script-2C8FEB8E15DC1A1A00E56A5D.sh

PhaseScriptExecution Run\ Script /Users/tiger/Documents/algorithm/aa/CMakeFiles/3.17.0/CompilerIdC/CompilerIdC.build/Debug/CompilerIdC.build/Script-2C8FEB8E15DC1A1A00E56A5D.sh (in target 'CompilerIdC' from project 'CompilerIdC')
    cd /Users/tiger/Documents/algorithm/aa/CMakeFiles/3.17.0/CompilerIdC
    /bin/sh -c /Users/tiger/Documents/algorithm/aa/CMakeFiles/3.17.0/CompilerIdC/CompilerIdC.build/Debug/CompilerIdC.build/Script-2C8FEB8E15DC1A1A00E56A5D.sh
GCC_VERSION=com.apple.compilers.llvm.clang.1_0
ARCHS=x86_64

RegisterExecutionPolicyException /Users/tiger/Documents/algorithm/aa/CMakeFiles/3.17.0/CompilerIdC/CompilerIdC (in target 'CompilerIdC' from project 'CompilerIdC')
    cd /Users/tiger/Documents/algorithm/aa/CMakeFiles/3.17.0/CompilerIdC
    builtin-RegisterExecutionPolicyException /Users/tiger/Documents/algorithm/aa/CMakeFiles/3.17.0/CompilerIdC/CompilerIdC

** BUILD SUCCEEDED **



Compilation of the C compiler identification source "CMakeCCompilerId.c" produced "CompilerIdC"

The C compiler identification is AppleClang, found in "/Users/tiger/Documents/algorithm/aa/CMakeFiles/3.17.0/CompilerIdC/CompilerIdC"

Compiling the CXX compiler identification source file "CMakeCXXCompilerId.cpp" succeeded.
Compiler:  
Build flags: 
Id flags:  

The output was:
0
Command line invocation:
    /Applications/Xcode.app/Contents/Developer/usr/bin/xcodebuild

note: Using new build system
note: Planning build
note: Constructing build description
warning: Traditional headermap style is no longer supported; please migrate to using separate headermaps and set 'ALWAYS_SEARCH_USER_PATHS' to NO. (in target 'CompilerIdCXX' from project 'CompilerIdCXX')
CreateBuildDirectory /Users/tiger/Documents/algorithm/aa/CMakeFiles/3.17.0/CompilerIdCXX (in target 'CompilerIdCXX' from project 'CompilerIdCXX')
    cd /Users/tiger/Documents/algorithm/aa/CMakeFiles/3.17.0/CompilerIdCXX
    builtin-create-build-directory /Users/tiger/Documents/algorithm/aa/CMakeFiles/3.17.0/CompilerIdCXX

WriteAuxiliaryFile /Users/tiger/Documents/algorithm/aa/CMakeFiles/3.17.0/CompilerIdCXX/CompilerIdCXX.build/Debug/CompilerIdCXX.build/CompilerIdCXX-project-headers.hmap (in target 'CompilerIdCXX' from project 'CompilerIdCXX')
    cd /Users/tiger/Documents/algorithm/aa/CMakeFiles/3.17.0/CompilerIdCXX
    write-file /Users/tiger/Documents/algorithm/aa/CMakeFiles/3.17.0/CompilerIdCXX/CompilerIdCXX.build/Debug/CompilerIdCXX.build/CompilerIdCXX-project-headers.hmap

WriteAuxiliaryFile /Users/tiger/Documents/algorithm/aa/CMakeFiles/3.17.0/CompilerIdCXX/CompilerIdCXX.build/Debug/CompilerIdCXX.build/all-product-headers.yaml (in target 'CompilerIdCXX' from project 'CompilerIdCXX')
    cd /Users/tiger/Documents/algorithm/aa/CMakeFiles/3.17.0/CompilerIdCXX
    write-file /Users/tiger/Documents/algorithm/aa/CMakeFiles/3.17.0/CompilerIdCXX/CompilerIdCXX.build/Debug/CompilerIdCXX.build/all-product-headers.yaml

WriteAuxiliaryFile /Users/tiger/Documents/algorithm/aa/CMakeFiles/3.17.0/CompilerIdCXX/CompilerIdCXX.build/Debug/CompilerIdCXX.build/CompilerIdCXX-own-target-headers.hmap (in target 'CompilerIdCXX' from project 'CompilerIdCXX')
    cd /Users/tiger/Documents/algorithm/aa/CMakeFiles/3.17.0/CompilerIdCXX
    write-file /Users/tiger/Documents/algorithm/aa/CMakeFiles/3.17.0/CompilerIdCXX/CompilerIdCXX.build/Debug/CompilerIdCXX.build/CompilerIdCXX-own-target-headers.hmap

WriteAuxiliaryFile /Users/tiger/Documents/algorithm/aa/CMakeFiles/3.17.0/CompilerIdCXX/CompilerIdCXX.build/Debug/CompilerIdCXX.build/CompilerIdCXX.hmap (in target 'CompilerIdCXX' from project 'CompilerIdCXX')
    cd /Users/tiger/Documents/algorithm/aa/CMakeFiles/3.17.0/CompilerIdCXX
    write-file /Users/tiger/Documents/algorithm/aa/CMakeFiles/3.17.0/CompilerIdCXX/CompilerIdCXX.build/Debug/CompilerIdCXX.build/CompilerIdCXX.hmap

WriteAuxiliaryFile /Users/tiger/Documents/algorithm/aa/CMakeFiles/3.17.0/CompilerIdCXX/CompilerIdCXX.build/Debug/CompilerIdCXX.build/CompilerIdCXX-generated-files.hmap (in target 'CompilerIdCXX' from project 'CompilerIdCXX')
    cd /Users/tiger/Documents/algorithm/aa/CMakeFiles/3.17.0/CompilerIdCXX
    write-file /Users/tiger/Documents/algorithm/aa/CMakeFiles/3.17.0/CompilerIdCXX/CompilerIdCXX.build/Debug/CompilerIdCXX.build/CompilerIdCXX-generated-files.hmap

WriteAuxiliaryFile /Users/tiger/Documents/algorithm/aa/CMakeFiles/3.17.0/CompilerIdCXX/CompilerIdCXX.build/Debug/CompilerIdCXX.build/CompilerIdCXX-all-target-headers.hmap (in target 'CompilerIdCXX' from project 'CompilerIdCXX')
    cd /Users/tiger/Documents/algorithm/aa/CMakeFiles/3.17.0/CompilerIdCXX
    write-file /Users/tiger/Documents/algorithm/aa/CMakeFiles/3.17.0/CompilerIdCXX/CompilerIdCXX.build/Debug/CompilerIdCXX.build/CompilerIdCXX-all-target-headers.hmap

WriteAuxiliaryFile /Users/tiger/Documents/algorithm/aa/CMakeFiles/3.17.0/CompilerIdCXX/CompilerIdCXX.build/Debug/CompilerIdCXX.build/CompilerIdCXX-all-non-framework-target-headers.hmap (in target 'CompilerIdCXX' from project 'CompilerIdCXX')
    cd /Users/tiger/Documents/algorithm/aa/CMakeFiles/3.17.0/CompilerIdCXX
    write-file /Users/tiger/Documents/algorithm/aa/CMakeFiles/3.17.0/CompilerIdCXX/CompilerIdCXX.build/Debug/CompilerIdCXX.build/CompilerIdCXX-all-non-framework-target-headers.hmap

CompileC /Users/tiger/Documents/algorithm/aa/CMakeFiles/3.17.0/CompilerIdCXX/CompilerIdCXX.build/Debug/CompilerIdCXX.build/Objects-normal/x86_64/CMakeCXXCompilerId.o /Users/tiger/Documents/algorithm/aa/CMakeFiles/3.17.0/CompilerIdCXX/CMakeCXXCompilerId.cpp normal x86_64 c++ com.apple.compilers.llvm.clang.1_0.compiler (in target 'CompilerIdCXX' from project 'CompilerIdCXX')
    cd /Users/tiger/Documents/algorithm/aa/CMakeFiles/3.17.0/CompilerIdCXX
    export LANG\=en_US.US-ASCII
    /Applications/Xcode.app/Contents/Developer/Toolchains/XcodeDefault.xctoolchain/usr/bin/clang -x c++ -target x86_64-apple-macos10.15 -fmessage-length\=0 -fdiagnostics-show-note-include-stack -fmacro-backtrace-limit\=0 -Wno-trigraphs -fpascal-strings -Os -Wno-missing-field-initializers -Wno-missing-prototypes -Wno-return-type -Wno-non-virtual-dtor -Wno-overloaded-virtual -Wno-exit-time-destructors -Wno-missing-braces -Wparentheses -Wswitch -Wno-unused-function -Wno-unused-label -Wno-unused-parameter -Wno-unused-variable -Wunused-value -Wno-empty-body -Wno-uninitialized -Wno-unknown-pragmas -Wno-shadow -Wno-four-char-constants -Wno-conversion -Wno-constant-conversion -Wno-int-conversion -Wno-bool-conversion -Wno-enum-conversion -Wno-float-conversion -Wno-non-literal-null-conversion -Wno-objc-literal-conversion -Wno-shorten-64-to-32 -Wno-newline-eof -Wno-c++11-extensions -isysroot /Applications/Xcode.app/Contents/Developer/Platforms/MacOSX.platform/Developer/SDKs/MacOSX10.15.sdk -fasm-blocks -fstrict-aliasing -Wdeprecated-declarations -Winvalid-offsetof -g -fvisibility\=hidden -fvisibility-inlines-hidden -Wno-sign-conversion -Wno-infinite-recursion -Wno-move -Wno-comma -Wno-block-capture-autoreleasing -Wno-strict-prototypes -Wno-range-loop-analysis -Wno-semicolon-before-method-body -iquote /Users/tiger/Documents/algorithm/aa/CMakeFiles/3.17.0/CompilerIdCXX/CompilerIdCXX.build/Debug/CompilerIdCXX.build/CompilerIdCXX-generated-files.hmap -I/Users/tiger/Documents/algorithm/aa/CMakeFiles/3.17.0/CompilerIdCXX/CompilerIdCXX.build/Debug/CompilerIdCXX.build/CompilerIdCXX-own-target-headers.hmap -I/Users/tiger/Documents/algorithm/aa/CMakeFiles/3.17.0/CompilerIdCXX/CompilerIdCXX.build/Debug/CompilerIdCXX.build/CompilerIdCXX-all-target-headers.hmap -iquote /Users/tiger/Documents/algorithm/aa/CMakeFiles/3.17.0/CompilerIdCXX/CompilerIdCXX.build/Debug/CompilerIdCXX.build/CompilerIdCXX-project-headers.hmap -I/Users/tiger/Documents/algorithm/aa/CMakeFiles/3.17.0/CompilerIdCXX/include -I/Users/tiger/Documents/algorithm/aa/CMakeFiles/3.17.0/CompilerIdCXX/CompilerIdCXX.build/Debug/CompilerIdCXX.build/DerivedSources-normal/x86_64 -I/Users/tiger/Documents/algorithm/aa/CMakeFiles/3.17.0/CompilerIdCXX/CompilerIdCXX.build/Debug/CompilerIdCXX.build/DerivedSources/x86_64 -I/Users/tiger/Documents/algorithm/aa/CMakeFiles/3.17.0/CompilerIdCXX/CompilerIdCXX.build/Debug/CompilerIdCXX.build/DerivedSources -F/Users/tiger/Documents/algorithm/aa/CMakeFiles/3.17.0/CompilerIdCXX -MMD -MT dependencies -MF /Users/tiger/Documents/algorithm/aa/CMakeFiles/3.17.0/CompilerIdCXX/CompilerIdCXX.build/Debug/CompilerIdCXX.build/Objects-normal/x86_64/CMakeCXXCompilerId.d --serialize-diagnostics /Users/tiger/Documents/algorithm/aa/CMakeFiles/3.17.0/CompilerIdCXX/CompilerIdCXX.build/Debug/CompilerIdCXX.build/Objects-normal/x86_64/CMakeCXXCompilerId.dia -c /Users/tiger/Documents/algorithm/aa/CMakeFiles/3.17.0/CompilerIdCXX/CMakeCXXCompilerId.cpp -o /Users/tiger/Documents/algorithm/aa/CMakeFiles/3.17.0/CompilerIdCXX/CompilerIdCXX.build/Debug/CompilerIdCXX.build/Objects-normal/x86_64/CMakeCXXCompilerId.o

WriteAuxiliaryFile /Users/tiger/Documents/algorithm/aa/CMakeFiles/3.17.0/CompilerIdCXX/CompilerIdCXX.build/Debug/CompilerIdCXX.build/Objects-normal/x86_64/CompilerIdCXX.LinkFileList (in target 'CompilerIdCXX' from project 'CompilerIdCXX')
    cd /Users/tiger/Documents/algorithm/aa/CMakeFiles/3.17.0/CompilerIdCXX
    write-file /Users/tiger/Documents/algorithm/aa/CMakeFiles/3.17.0/CompilerIdCXX/CompilerIdCXX.build/Debug/CompilerIdCXX.build/Objects-normal/x86_64/CompilerIdCXX.LinkFileList

Ld /Users/tiger/Documents/algorithm/aa/CMakeFiles/3.17.0/CompilerIdCXX/CompilerIdCXX normal (in target 'CompilerIdCXX' from project 'CompilerIdCXX')
    cd /Users/tiger/Documents/algorithm/aa/CMakeFiles/3.17.0/CompilerIdCXX
    /Applications/Xcode.app/Contents/Developer/Toolchains/XcodeDefault.xctoolchain/usr/bin/clang++ -target x86_64-apple-macos10.15 -isysroot /Applications/Xcode.app/Contents/Developer/Platforms/MacOSX.platform/Developer/SDKs/MacOSX10.15.sdk -L/Users/tiger/Documents/algorithm/aa/CMakeFiles/3.17.0/CompilerIdCXX -F/Users/tiger/Documents/algorithm/aa/CMakeFiles/3.17.0/CompilerIdCXX -filelist /Users/tiger/Documents/algorithm/aa/CMakeFiles/3.17.0/CompilerIdCXX/CompilerIdCXX.build/Debug/CompilerIdCXX.build/Objects-normal/x86_64/CompilerIdCXX.LinkFileList -Xlinker -object_path_lto -Xlinker /Users/tiger/Documents/algorithm/aa/CMakeFiles/3.17.0/CompilerIdCXX/CompilerIdCXX.build/Debug/CompilerIdCXX.build/Objects-normal/x86_64/CompilerIdCXX_lto.o -Xlinker -dependency_info -Xlinker /Users/tiger/Documents/algorithm/aa/CMakeFiles/3.17.0/CompilerIdCXX/CompilerIdCXX.build/Debug/CompilerIdCXX.build/Objects-normal/x86_64/CompilerIdCXX_dependency_info.dat -o /Users/tiger/Documents/algorithm/aa/CMakeFiles/3.17.0/CompilerIdCXX/CompilerIdCXX

WriteAuxiliaryFile /Users/tiger/Documents/algorithm/aa/CMakeFiles/3.17.0/CompilerIdCXX/CompilerIdCXX.build/Debug/CompilerIdCXX.build/Script-2C8FEB8E15DC1A1A00E56A5D.sh (in target 'CompilerIdCXX' from project 'CompilerIdCXX')
    cd /Users/tiger/Documents/algorithm/aa/CMakeFiles/3.17.0/CompilerIdCXX
    write-file /Users/tiger/Documents/algorithm/aa/CMakeFiles/3.17.0/CompilerIdCXX/CompilerIdCXX.build/Debug/CompilerIdCXX.build/Script-2C8FEB8E15DC1A1A00E56A5D.sh

PhaseScriptExecution Run\ Script /Users/tiger/Documents/algorithm/aa/CMakeFiles/3.17.0/CompilerIdCXX/CompilerIdCXX.build/Debug/CompilerIdCXX.build/Script-2C8FEB8E15DC1A1A00E56A5D.sh (in target 'CompilerIdCXX' from project 'CompilerIdCXX')
    cd /Users/tiger/Documents/algorithm/aa/CMakeFiles/3.17.0/CompilerIdCXX
    /bin/sh -c /Users/tiger/Documents/algorithm/aa/CMakeFiles/3.17.0/CompilerIdCXX/CompilerIdCXX.build/Debug/CompilerIdCXX.build/Script-2C8FEB8E15DC1A1A00E56A5D.sh
GCC_VERSION=com.apple.compilers.llvm.clang.1_0
ARCHS=x86_64

RegisterExecutionPolicyException /Users/tiger/Documents/algorithm/aa/CMakeFiles/3.17.0/CompilerIdCXX/CompilerIdCXX (in target 'CompilerIdCXX' from project 'CompilerIdCXX')
    cd /Users/tiger/Documents/algorithm/aa/CMakeFiles/3.17.0/CompilerIdCXX
    builtin-RegisterExecutionPolicyException /Users/tiger/Documents/algorithm/aa/CMakeFiles/3.17.0/CompilerIdCXX/CompilerIdCXX

** BUILD SUCCEEDED **



Compilation of the CXX compiler identification source "CMakeCXXCompilerId.cpp" produced "CompilerIdCXX"

The CXX compiler identification is AppleClang, found in "/Users/tiger/Documents/algorithm/aa/CMakeFiles/3.17.0/CompilerIdCXX/CompilerIdCXX"

Compiling the C compiler identification source file "CMakeCCompilerId.c" succeeded.
Compiler:  
Build flags: 
Id flags:  

The output was:
0
Command line invocation:
    /Applications/Xcode.app/Contents/Developer/usr/bin/xcodebuild

note: Using new build system
note: Planning build
note: Constructing build description
warning: Traditional headermap style is no longer supported; please migrate to using separate headermaps and set 'ALWAYS_SEARCH_USER_PATHS' to NO. (in target 'CompilerIdC' from project 'CompilerIdC')
CreateBuildDirectory /Users/tiger/Documents/algorithm/aa/CMakeFiles/3.17.0/CompilerIdC (in target 'CompilerIdC' from project 'CompilerIdC')
    cd /Users/tiger/Documents/algorithm/aa/CMakeFiles/3.17.0/CompilerIdC
    builtin-create-build-directory /Users/tiger/Documents/algorithm/aa/CMakeFiles/3.17.0/CompilerIdC

WriteAuxiliaryFile /Users/tiger/Documents/algorithm/aa/CMakeFiles/3.17.0/CompilerIdC/CompilerIdC.build/Debug/CompilerIdC.build/CompilerIdC-own-target-headers.hmap (in target 'CompilerIdC' from project 'CompilerIdC')
    cd /Users/tiger/Documents/algorithm/aa/CMakeFiles/3.17.0/CompilerIdC
    write-file /Users/tiger/Documents/algorithm/aa/CMakeFiles/3.17.0/CompilerIdC/CompilerIdC.build/Debug/CompilerIdC.build/CompilerIdC-own-target-headers.hmap

WriteAuxiliaryFile /Users/tiger/Documents/algorithm/aa/CMakeFiles/3.17.0/CompilerIdC/CompilerIdC.build/Debug/CompilerIdC.build/all-product-headers.yaml (in target 'CompilerIdC' from project 'CompilerIdC')
    cd /Users/tiger/Documents/algorithm/aa/CMakeFiles/3.17.0/CompilerIdC
    write-file /Users/tiger/Documents/algorithm/aa/CMakeFiles/3.17.0/CompilerIdC/CompilerIdC.build/Debug/CompilerIdC.build/all-product-headers.yaml

WriteAuxiliaryFile /Users/tiger/Documents/algorithm/aa/CMakeFiles/3.17.0/CompilerIdC/CompilerIdC.build/Debug/CompilerIdC.build/CompilerIdC-project-headers.hmap (in target 'CompilerIdC' from project 'CompilerIdC')
    cd /Users/tiger/Documents/algorithm/aa/CMakeFiles/3.17.0/CompilerIdC
    write-file /Users/tiger/Documents/algorithm/aa/CMakeFiles/3.17.0/CompilerIdC/CompilerIdC.build/Debug/CompilerIdC.build/CompilerIdC-project-headers.hmap

WriteAuxiliaryFile /Users/tiger/Documents/algorithm/aa/CMakeFiles/3.17.0/CompilerIdC/CompilerIdC.build/Debug/CompilerIdC.build/CompilerIdC.hmap (in target 'CompilerIdC' from project 'CompilerIdC')
    cd /Users/tiger/Documents/algorithm/aa/CMakeFiles/3.17.0/CompilerIdC
    write-file /Users/tiger/Documents/algorithm/aa/CMakeFiles/3.17.0/CompilerIdC/CompilerIdC.build/Debug/CompilerIdC.build/CompilerIdC.hmap

WriteAuxiliaryFile /Users/tiger/Documents/algorithm/aa/CMakeFiles/3.17.0/CompilerIdC/CompilerIdC.build/Debug/CompilerIdC.build/CompilerIdC-generated-files.hmap (in target 'CompilerIdC' from project 'CompilerIdC')
    cd /Users/tiger/Documents/algorithm/aa/CMakeFiles/3.17.0/CompilerIdC
    write-file /Users/tiger/Documents/algorithm/aa/CMakeFiles/3.17.0/CompilerIdC/CompilerIdC.build/Debug/CompilerIdC.build/CompilerIdC-generated-files.hmap

WriteAuxiliaryFile /Users/tiger/Documents/algorithm/aa/CMakeFiles/3.17.0/CompilerIdC/CompilerIdC.build/Debug/CompilerIdC.build/CompilerIdC-all-target-headers.hmap (in target 'CompilerIdC' from project 'CompilerIdC')
    cd /Users/tiger/Documents/algorithm/aa/CMakeFiles/3.17.0/CompilerIdC
    write-file /Users/tiger/Documents/algorithm/aa/CMakeFiles/3.17.0/CompilerIdC/CompilerIdC.build/Debug/CompilerIdC.build/CompilerIdC-all-target-headers.hmap

WriteAuxiliaryFile /Users/tiger/Documents/algorithm/aa/CMakeFiles/3.17.0/CompilerIdC/CompilerIdC.build/Debug/CompilerIdC.build/CompilerIdC-all-non-framework-target-headers.hmap (in target 'CompilerIdC' from project 'CompilerIdC')
    cd /Users/tiger/Documents/algorithm/aa/CMakeFiles/3.17.0/CompilerIdC
    write-file /Users/tiger/Documents/algorithm/aa/CMakeFiles/3.17.0/CompilerIdC/CompilerIdC.build/Debug/CompilerIdC.build/CompilerIdC-all-non-framework-target-headers.hmap

CompileC /Users/tiger/Documents/algorithm/aa/CMakeFiles/3.17.0/CompilerIdC/CompilerIdC.build/Debug/CompilerIdC.build/Objects-normal/x86_64/CMakeCCompilerId.o /Users/tiger/Documents/algorithm/aa/CMakeFiles/3.17.0/CompilerIdC/CMakeCCompilerId.c normal x86_64 c com.apple.compilers.llvm.clang.1_0.compiler (in target 'CompilerIdC' from project 'CompilerIdC')
    cd /Users/tiger/Documents/algorithm/aa/CMakeFiles/3.17.0/CompilerIdC
    export LANG\=en_US.US-ASCII
    /Applications/Xcode.app/Contents/Developer/Toolchains/XcodeDefault.xctoolchain/usr/bin/clang -x c -target x86_64-apple-macos10.15 -fmessage-length\=0 -fdiagnostics-show-note-include-stack -fmacro-backtrace-limit\=0 -Wno-trigraphs -fpascal-strings -Os -Wno-missing-field-initializers -Wno-missing-prototypes -Wno-return-type -Wno-missing-braces -Wparentheses -Wswitch -Wno-unused-function -Wno-unused-label -Wno-unused-parameter -Wno-unused-variable -Wunused-value -Wno-empty-body -Wno-uninitialized -Wno-unknown-pragmas -Wno-shadow -Wno-four-char-constants -Wno-conversion -Wno-constant-conversion -Wno-int-conversion -Wno-bool-conversion -Wno-enum-conversion -Wno-float-conversion -Wno-non-literal-null-conversion -Wno-objc-literal-conversion -Wno-shorten-64-to-32 -Wpointer-sign -Wno-newline-eof -isysroot /Applications/Xcode.app/Contents/Developer/Platforms/MacOSX.platform/Developer/SDKs/MacOSX10.15.sdk -fasm-blocks -fstrict-aliasing -Wdeprecated-declarations -g -fvisibility\=hidden -Wno-sign-conversion -Wno-infinite-recursion -Wno-comma -Wno-block-capture-autoreleasing -Wno-strict-prototypes -Wno-semicolon-before-method-body -iquote /Users/tiger/Documents/algorithm/aa/CMakeFiles/3.17.0/CompilerIdC/CompilerIdC.build/Debug/CompilerIdC.build/CompilerIdC-generated-files.hmap -I/Users/tiger/Documents/algorithm/aa/CMakeFiles/3.17.0/CompilerIdC/CompilerIdC.build/Debug/CompilerIdC.build/CompilerIdC-own-target-headers.hmap -I/Users/tiger/Documents/algorithm/aa/CMakeFiles/3.17.0/CompilerIdC/CompilerIdC.build/Debug/CompilerIdC.build/CompilerIdC-all-target-headers.hmap -iquote /Users/tiger/Documents/algorithm/aa/CMakeFiles/3.17.0/CompilerIdC/CompilerIdC.build/Debug/CompilerIdC.build/CompilerIdC-project-headers.hmap -I/Users/tiger/Documents/algorithm/aa/CMakeFiles/3.17.0/CompilerIdC/include -I/Users/tiger/Documents/algorithm/aa/CMakeFiles/3.17.0/CompilerIdC/CompilerIdC.build/Debug/CompilerIdC.build/DerivedSources-normal/x86_64 -I/Users/tiger/Documents/algorithm/aa/CMakeFiles/3.17.0/CompilerIdC/CompilerIdC.build/Debug/CompilerIdC.build/DerivedSources/x86_64 -I/Users/tiger/Documents/algorithm/aa/CMakeFiles/3.17.0/CompilerIdC/CompilerIdC.build/Debug/CompilerIdC.build/DerivedSources -F/Users/tiger/Documents/algorithm/aa/CMakeFiles/3.17.0/CompilerIdC -MMD -MT dependencies -MF /Users/tiger/Documents/algorithm/aa/CMakeFiles/3.17.0/CompilerIdC/CompilerIdC.build/Debug/CompilerIdC.build/Objects-normal/x86_64/CMakeCCompilerId.d --serialize-diagnostics /Users/tiger/Documents/algorithm/aa/CMakeFiles/3.17.0/CompilerIdC/CompilerIdC.build/Debug/CompilerIdC.build/Objects-normal/x86_64/CMakeCCompilerId.dia -c /Users/tiger/Documents/algorithm/aa/CMakeFiles/3.17.0/CompilerIdC/CMakeCCompilerId.c -o /Users/tiger/Documents/algorithm/aa/CMakeFiles/3.17.0/CompilerIdC/CompilerIdC.build/Debug/CompilerIdC.build/Objects-normal/x86_64/CMakeCCompilerId.o

WriteAuxiliaryFile /Users/tiger/Documents/algorithm/aa/CMakeFiles/3.17.0/CompilerIdC/CompilerIdC.build/Debug/CompilerIdC.build/Objects-normal/x86_64/CompilerIdC.LinkFileList (in target 'CompilerIdC' from project 'CompilerIdC')
    cd /Users/tiger/Documents/algorithm/aa/CMakeFiles/3.17.0/CompilerIdC
    write-file /Users/tiger/Documents/algorithm/aa/CMakeFiles/3.17.0/CompilerIdC/CompilerIdC.build/Debug/CompilerIdC.build/Objects-normal/x86_64/CompilerIdC.LinkFileList

Ld /Users/tiger/Documents/algorithm/aa/CMakeFiles/3.17.0/CompilerIdC/CompilerIdC normal (in target 'CompilerIdC' from project 'CompilerIdC')
    cd /Users/tiger/Documents/algorithm/aa/CMakeFiles/3.17.0/CompilerIdC
    /Applications/Xcode.app/Contents/Developer/Toolchains/XcodeDefault.xctoolchain/usr/bin/clang -target x86_64-apple-macos10.15 -isysroot /Applications/Xcode.app/Contents/Developer/Platforms/MacOSX.platform/Developer/SDKs/MacOSX10.15.sdk -L/Users/tiger/Documents/algorithm/aa/CMakeFiles/3.17.0/CompilerIdC -F/Users/tiger/Documents/algorithm/aa/CMakeFiles/3.17.0/CompilerIdC -filelist /Users/tiger/Documents/algorithm/aa/CMakeFiles/3.17.0/CompilerIdC/CompilerIdC.build/Debug/CompilerIdC.build/Objects-normal/x86_64/CompilerIdC.LinkFileList -Xlinker -object_path_lto -Xlinker /Users/tiger/Documents/algorithm/aa/CMakeFiles/3.17.0/CompilerIdC/CompilerIdC.build/Debug/CompilerIdC.build/Objects-normal/x86_64/CompilerIdC_lto.o -Xlinker -dependency_info -Xlinker /Users/tiger/Documents/algorithm/aa/CMakeFiles/3.17.0/CompilerIdC/CompilerIdC.build/Debug/CompilerIdC.build/Objects-normal/x86_64/CompilerIdC_dependency_info.dat -o /Users/tiger/Documents/algorithm/aa/CMakeFiles/3.17.0/CompilerIdC/CompilerIdC

WriteAuxiliaryFile /Users/tiger/Documents/algorithm/aa/CMakeFiles/3.17.0/CompilerIdC/CompilerIdC.build/Debug/CompilerIdC.build/Script-2C8FEB8E15DC1A1A00E56A5D.sh (in target 'CompilerIdC' from project 'CompilerIdC')
    cd /Users/tiger/Documents/algorithm/aa/CMakeFiles/3.17.0/CompilerIdC
    write-file /Users/tiger/Documents/algorithm/aa/CMakeFiles/3.17.0/CompilerIdC/CompilerIdC.build/Debug/CompilerIdC.build/Script-2C8FEB8E15DC1A1A00E56A5D.sh

PhaseScriptExecution Run\ Script /Users/tiger/Documents/algorithm/aa/CMakeFiles/3.17.0/CompilerIdC/CompilerIdC.build/Debug/CompilerIdC.build/Script-2C8FEB8E15DC1A1A00E56A5D.sh (in target 'CompilerIdC' from project 'CompilerIdC')
    cd /Users/tiger/Documents/algorithm/aa/CMakeFiles/3.17.0/CompilerIdC
    /bin/sh -c /Users/tiger/Documents/algorithm/aa/CMakeFiles/3.17.0/CompilerIdC/CompilerIdC.build/Debug/CompilerIdC.build/Script-2C8FEB8E15DC1A1A00E56A5D.sh
GCC_VERSION=com.apple.compilers.llvm.clang.1_0
ARCHS=x86_64

RegisterExecutionPolicyException /Users/tiger/Documents/algorithm/aa/CMakeFiles/3.17.0/CompilerIdC/CompilerIdC (in target 'CompilerIdC' from project 'CompilerIdC')
    cd /Users/tiger/Documents/algorithm/aa/CMakeFiles/3.17.0/CompilerIdC
    builtin-RegisterExecutionPolicyException /Users/tiger/Documents/algorithm/aa/CMakeFiles/3.17.0/CompilerIdC/CompilerIdC

** BUILD SUCCEEDED **



Compilation of the C compiler identification source "CMakeCCompilerId.c" produced "CompilerIdC"

The C compiler identification is AppleClang, found in "/Users/tiger/Documents/algorithm/aa/CMakeFiles/3.17.0/CompilerIdC/CompilerIdC"

Compiling the CXX compiler identification source file "CMakeCXXCompilerId.cpp" succeeded.
Compiler:  
Build flags: 
Id flags:  

The output was:
0
Command line invocation:
    /Applications/Xcode.app/Contents/Developer/usr/bin/xcodebuild

note: Using new build system
note: Planning build
note: Constructing build description
warning: Traditional headermap style is no longer supported; please migrate to using separate headermaps and set 'ALWAYS_SEARCH_USER_PATHS' to NO. (in target 'CompilerIdCXX' from project 'CompilerIdCXX')
CreateBuildDirectory /Users/tiger/Documents/algorithm/aa/CMakeFiles/3.17.0/CompilerIdCXX (in target 'CompilerIdCXX' from project 'CompilerIdCXX')
    cd /Users/tiger/Documents/algorithm/aa/CMakeFiles/3.17.0/CompilerIdCXX
    builtin-create-build-directory /Users/tiger/Documents/algorithm/aa/CMakeFiles/3.17.0/CompilerIdCXX

WriteAuxiliaryFile /Users/tiger/Documents/algorithm/aa/CMakeFiles/3.17.0/CompilerIdCXX/CompilerIdCXX.build/Debug/CompilerIdCXX.build/all-product-headers.yaml (in target 'CompilerIdCXX' from project 'CompilerIdCXX')
    cd /Users/tiger/Documents/algorithm/aa/CMakeFiles/3.17.0/CompilerIdCXX
    write-file /Users/tiger/Documents/algorithm/aa/CMakeFiles/3.17.0/CompilerIdCXX/CompilerIdCXX.build/Debug/CompilerIdCXX.build/all-product-headers.yaml

WriteAuxiliaryFile /Users/tiger/Documents/algorithm/aa/CMakeFiles/3.17.0/CompilerIdCXX/CompilerIdCXX.build/Debug/CompilerIdCXX.build/CompilerIdCXX-own-target-headers.hmap (in target 'CompilerIdCXX' from project 'CompilerIdCXX')
    cd /Users/tiger/Documents/algorithm/aa/CMakeFiles/3.17.0/CompilerIdCXX
    write-file /Users/tiger/Documents/algorithm/aa/CMakeFiles/3.17.0/CompilerIdCXX/CompilerIdCXX.build/Debug/CompilerIdCXX.build/CompilerIdCXX-own-target-headers.hmap

WriteAuxiliaryFile /Users/tiger/Documents/algorithm/aa/CMakeFiles/3.17.0/CompilerIdCXX/CompilerIdCXX.build/Debug/CompilerIdCXX.build/CompilerIdCXX.hmap (in target 'CompilerIdCXX' from project 'CompilerIdCXX')
    cd /Users/tiger/Documents/algorithm/aa/CMakeFiles/3.17.0/CompilerIdCXX
    write-file /Users/tiger/Documents/algorithm/aa/CMakeFiles/3.17.0/CompilerIdCXX/CompilerIdCXX.build/Debug/CompilerIdCXX.build/CompilerIdCXX.hmap

WriteAuxiliaryFile /Users/tiger/Documents/algorithm/aa/CMakeFiles/3.17.0/CompilerIdCXX/CompilerIdCXX.build/Debug/CompilerIdCXX.build/CompilerIdCXX-project-headers.hmap (in target 'CompilerIdCXX' from project 'CompilerIdCXX')
    cd /Users/tiger/Documents/algorithm/aa/CMakeFiles/3.17.0/CompilerIdCXX
    write-file /Users/tiger/Documents/algorithm/aa/CMakeFiles/3.17.0/CompilerIdCXX/CompilerIdCXX.build/Debug/CompilerIdCXX.build/CompilerIdCXX-project-headers.hmap

WriteAuxiliaryFile /Users/tiger/Documents/algorithm/aa/CMakeFiles/3.17.0/CompilerIdCXX/CompilerIdCXX.build/Debug/CompilerIdCXX.build/CompilerIdCXX-generated-files.hmap (in target 'CompilerIdCXX' from project 'CompilerIdCXX')
    cd /Users/tiger/Documents/algorithm/aa/CMakeFiles/3.17.0/CompilerIdCXX
    write-file /Users/tiger/Documents/algorithm/aa/CMakeFiles/3.17.0/CompilerIdCXX/CompilerIdCXX.build/Debug/CompilerIdCXX.build/CompilerIdCXX-generated-files.hmap

WriteAuxiliaryFile /Users/tiger/Documents/algorithm/aa/CMakeFiles/3.17.0/CompilerIdCXX/CompilerIdCXX.build/Debug/CompilerIdCXX.build/CompilerIdCXX-all-target-headers.hmap (in target 'CompilerIdCXX' from project 'CompilerIdCXX')
    cd /Users/tiger/Documents/algorithm/aa/CMakeFiles/3.17.0/CompilerIdCXX
    write-file /Users/tiger/Documents/algorithm/aa/CMakeFiles/3.17.0/CompilerIdCXX/CompilerIdCXX.build/Debug/CompilerIdCXX.build/CompilerIdCXX-all-target-headers.hmap

WriteAuxiliaryFile /Users/tiger/Documents/algorithm/aa/CMakeFiles/3.17.0/CompilerIdCXX/CompilerIdCXX.build/Debug/CompilerIdCXX.build/CompilerIdCXX-all-non-framework-target-headers.hmap (in target 'CompilerIdCXX' from project 'CompilerIdCXX')
    cd /Users/tiger/Documents/algorithm/aa/CMakeFiles/3.17.0/CompilerIdCXX
    write-file /Users/tiger/Documents/algorithm/aa/CMakeFiles/3.17.0/CompilerIdCXX/CompilerIdCXX.build/Debug/CompilerIdCXX.build/CompilerIdCXX-all-non-framework-target-headers.hmap

CompileC /Users/tiger/Documents/algorithm/aa/CMakeFiles/3.17.0/CompilerIdCXX/CompilerIdCXX.build/Debug/CompilerIdCXX.build/Objects-normal/x86_64/CMakeCXXCompilerId.o /Users/tiger/Documents/algorithm/aa/CMakeFiles/3.17.0/CompilerIdCXX/CMakeCXXCompilerId.cpp normal x86_64 c++ com.apple.compilers.llvm.clang.1_0.compiler (in target 'CompilerIdCXX' from project 'CompilerIdCXX')
    cd /Users/tiger/Documents/algorithm/aa/CMakeFiles/3.17.0/CompilerIdCXX
    export LANG\=en_US.US-ASCII
    /Applications/Xcode.app/Contents/Developer/Toolchains/XcodeDefault.xctoolchain/usr/bin/clang -x c++ -target x86_64-apple-macos10.15 -fmessage-length\=0 -fdiagnostics-show-note-include-stack -fmacro-backtrace-limit\=0 -Wno-trigraphs -fpascal-strings -Os -Wno-missing-field-initializers -Wno-missing-prototypes -Wno-return-type -Wno-non-virtual-dtor -Wno-overloaded-virtual -Wno-exit-time-destructors -Wno-missing-braces -Wparentheses -Wswitch -Wno-unused-function -Wno-unused-label -Wno-unused-parameter -Wno-unused-variable -Wunused-value -Wno-empty-body -Wno-uninitialized -Wno-unknown-pragmas -Wno-shadow -Wno-four-char-constants -Wno-conversion -Wno-constant-conversion -Wno-int-conversion -Wno-bool-conversion -Wno-enum-conversion -Wno-float-conversion -Wno-non-literal-null-conversion -Wno-objc-literal-conversion -Wno-shorten-64-to-32 -Wno-newline-eof -Wno-c++11-extensions -isysroot /Applications/Xcode.app/Contents/Developer/Platforms/MacOSX.platform/Developer/SDKs/MacOSX10.15.sdk -fasm-blocks -fstrict-aliasing -Wdeprecated-declarations -Winvalid-offsetof -g -fvisibility\=hidden -fvisibility-inlines-hidden -Wno-sign-conversion -Wno-infinite-recursion -Wno-move -Wno-comma -Wno-block-capture-autoreleasing -Wno-strict-prototypes -Wno-range-loop-analysis -Wno-semicolon-before-method-body -iquote /Users/tiger/Documents/algorithm/aa/CMakeFiles/3.17.0/CompilerIdCXX/CompilerIdCXX.build/Debug/CompilerIdCXX.build/CompilerIdCXX-generated-files.hmap -I/Users/tiger/Documents/algorithm/aa/CMakeFiles/3.17.0/CompilerIdCXX/CompilerIdCXX.build/Debug/CompilerIdCXX.build/CompilerIdCXX-own-target-headers.hmap -I/Users/tiger/Documents/algorithm/aa/CMakeFiles/3.17.0/CompilerIdCXX/CompilerIdCXX.build/Debug/CompilerIdCXX.build/CompilerIdCXX-all-target-headers.hmap -iquote /Users/tiger/Documents/algorithm/aa/CMakeFiles/3.17.0/CompilerIdCXX/CompilerIdCXX.build/Debug/CompilerIdCXX.build/CompilerIdCXX-project-headers.hmap -I/Users/tiger/Documents/algorithm/aa/CMakeFiles/3.17.0/CompilerIdCXX/include -I/Users/tiger/Documents/algorithm/aa/CMakeFiles/3.17.0/CompilerIdCXX/CompilerIdCXX.build/Debug/CompilerIdCXX.build/DerivedSources-normal/x86_64 -I/Users/tiger/Documents/algorithm/aa/CMakeFiles/3.17.0/CompilerIdCXX/CompilerIdCXX.build/Debug/CompilerIdCXX.build/DerivedSources/x86_64 -I/Users/tiger/Documents/algorithm/aa/CMakeFiles/3.17.0/CompilerIdCXX/CompilerIdCXX.build/Debug/CompilerIdCXX.build/DerivedSources -F/Users/tiger/Documents/algorithm/aa/CMakeFiles/3.17.0/CompilerIdCXX -MMD -MT dependencies -MF /Users/tiger/Documents/algorithm/aa/CMakeFiles/3.17.0/CompilerIdCXX/CompilerIdCXX.build/Debug/CompilerIdCXX.build/Objects-normal/x86_64/CMakeCXXCompilerId.d --serialize-diagnostics /Users/tiger/Documents/algorithm/aa/CMakeFiles/3.17.0/CompilerIdCXX/CompilerIdCXX.build/Debug/CompilerIdCXX.build/Objects-normal/x86_64/CMakeCXXCompilerId.dia -c /Users/tiger/Documents/algorithm/aa/CMakeFiles/3.17.0/CompilerIdCXX/CMakeCXXCompilerId.cpp -o /Users/tiger/Documents/algorithm/aa/CMakeFiles/3.17.0/CompilerIdCXX/CompilerIdCXX.build/Debug/CompilerIdCXX.build/Objects-normal/x86_64/CMakeCXXCompilerId.o

WriteAuxiliaryFile /Users/tiger/Documents/algorithm/aa/CMakeFiles/3.17.0/CompilerIdCXX/CompilerIdCXX.build/Debug/CompilerIdCXX.build/Objects-normal/x86_64/CompilerIdCXX.LinkFileList (in target 'CompilerIdCXX' from project 'CompilerIdCXX')
    cd /Users/tiger/Documents/algorithm/aa/CMakeFiles/3.17.0/CompilerIdCXX
    write-file /Users/tiger/Documents/algorithm/aa/CMakeFiles/3.17.0/CompilerIdCXX/CompilerIdCXX.build/Debug/CompilerIdCXX.build/Objects-normal/x86_64/CompilerIdCXX.LinkFileList

Ld /Users/tiger/Documents/algorithm/aa/CMakeFiles/3.17.0/CompilerIdCXX/CompilerIdCXX normal (in target 'CompilerIdCXX' from project 'CompilerIdCXX')
    cd /Users/tiger/Documents/algorithm/aa/CMakeFiles/3.17.0/CompilerIdCXX
    /Applications/Xcode.app/Contents/Developer/Toolchains/XcodeDefault.xctoolchain/usr/bin/clang++ -target x86_64-apple-macos10.15 -isysroot /Applications/Xcode.app/Contents/Developer/Platforms/MacOSX.platform/Developer/SDKs/MacOSX10.15.sdk -L/Users/tiger/Documents/algorithm/aa/CMakeFiles/3.17.0/CompilerIdCXX -F/Users/tiger/Documents/algorithm/aa/CMakeFiles/3.17.0/CompilerIdCXX -filelist /Users/tiger/Documents/algorithm/aa/CMakeFiles/3.17.0/CompilerIdCXX/CompilerIdCXX.build/Debug/CompilerIdCXX.build/Objects-normal/x86_64/CompilerIdCXX.LinkFileList -Xlinker -object_path_lto -Xlinker /Users/tiger/Documents/algorithm/aa/CMakeFiles/3.17.0/CompilerIdCXX/CompilerIdCXX.build/Debug/CompilerIdCXX.build/Objects-normal/x86_64/CompilerIdCXX_lto.o -Xlinker -dependency_info -Xlinker /Users/tiger/Documents/algorithm/aa/CMakeFiles/3.17.0/CompilerIdCXX/CompilerIdCXX.build/Debug/CompilerIdCXX.build/Objects-normal/x86_64/CompilerIdCXX_dependency_info.dat -o /Users/tiger/Documents/algorithm/aa/CMakeFiles/3.17.0/CompilerIdCXX/CompilerIdCXX

WriteAuxiliaryFile /Users/tiger/Documents/algorithm/aa/CMakeFiles/3.17.0/CompilerIdCXX/CompilerIdCXX.build/Debug/CompilerIdCXX.build/Script-2C8FEB8E15DC1A1A00E56A5D.sh (in target 'CompilerIdCXX' from project 'CompilerIdCXX')
    cd /Users/tiger/Documents/algorithm/aa/CMakeFiles/3.17.0/CompilerIdCXX
    write-file /Users/tiger/Documents/algorithm/aa/CMakeFiles/3.17.0/CompilerIdCXX/CompilerIdCXX.build/Debug/CompilerIdCXX.build/Script-2C8FEB8E15DC1A1A00E56A5D.sh

PhaseScriptExecution Run\ Script /Users/tiger/Documents/algorithm/aa/CMakeFiles/3.17.0/CompilerIdCXX/CompilerIdCXX.build/Debug/CompilerIdCXX.build/Script-2C8FEB8E15DC1A1A00E56A5D.sh (in target 'CompilerIdCXX' from project 'CompilerIdCXX')
    cd /Users/tiger/Documents/algorithm/aa/CMakeFiles/3.17.0/CompilerIdCXX
    /bin/sh -c /Users/tiger/Documents/algorithm/aa/CMakeFiles/3.17.0/CompilerIdCXX/CompilerIdCXX.build/Debug/CompilerIdCXX.build/Script-2C8FEB8E15DC1A1A00E56A5D.sh
GCC_VERSION=com.apple.compilers.llvm.clang.1_0
ARCHS=x86_64

RegisterExecutionPolicyException /Users/tiger/Documents/algorithm/aa/CMakeFiles/3.17.0/CompilerIdCXX/CompilerIdCXX (in target 'CompilerIdCXX' from project 'CompilerIdCXX')
    cd /Users/tiger/Documents/algorithm/aa/CMakeFiles/3.17.0/CompilerIdCXX
    builtin-RegisterExecutionPolicyException /Users/tiger/Documents/algorithm/aa/CMakeFiles/3.17.0/CompilerIdCXX/CompilerIdCXX

** BUILD SUCCEEDED **



Compilation of the CXX compiler identification source "CMakeCXXCompilerId.cpp" produced "CompilerIdCXX"

The CXX compiler identification is AppleClang, found in "/Users/tiger/Documents/algorithm/aa/CMakeFiles/3.17.0/CompilerIdCXX/CompilerIdCXX"

